<?xml version="1.0" encoding="UTF-8"?>
<testng-results ignored="0" total="9" passed="9" failed="0" skipped="0">
  <reporter-output>
  </reporter-output>
  <suite started-at="2023-03-14T12:39:44 COT" name="Surefire suite" finished-at="2023-03-14T12:40:13 COT" duration-ms="28929">
    <groups>
      <group name="cucumber">
        <method signature="AbstractTestNGCucumberTests.runScenario(io.cucumber.testng.PickleWrapper,io.cucumber.testng.FeatureWrapper)[pri:0, instance:awesomecucumber.runners.MyRunnerTest@63a65a25]" name="runScenario" class="io.cucumber.testng.AbstractTestNGCucumberTests"/>
      </group> <!-- cucumber -->
    </groups>
    <test started-at="2023-03-14T12:39:44 COT" name="Surefire test" finished-at="2023-03-14T12:40:13 COT" duration-ms="28929">
      <class name="awesomecucumber.runners.MyRunnerTest">
        <test-method is-config="true" signature="setUpClass(org.testng.ITestContext)[pri:0, instance:awesomecucumber.runners.MyRunnerTest@63a65a25]" started-at="2023-03-14T12:39:44 COT" name="setUpClass" finished-at="2023-03-14T12:39:44 COT" duration-ms="428" status="PASS">
          <params>
            <param index="0">
              <value>
                <![CDATA[org.testng.TestRunner@1f641fb7]]>
              </value>
            </param>
          </params>
          <reporter-output>
          </reporter-output>
        </test-method> <!-- setUpClass -->
        <test-method signature="runScenario(io.cucumber.testng.PickleWrapper,io.cucumber.testng.FeatureWrapper)[pri:0, instance:awesomecucumber.runners.MyRunnerTest@63a65a25]" started-at="2023-03-14T12:39:44 COT" name="runScenario" description="Runs Cucumber Scenarios" data-provider="scenarios" finished-at="2023-03-14T12:39:51 COT" duration-ms="7300" status="PASS">
          <params>
            <param index="0">
              <value>
                <![CDATA["Successfully Get Request"]]>
              </value>
            </param>
            <param index="1">
              <value>
                <![CDATA["API"]]>
              </value>
            </param>
          </params>
          <reporter-output>
          </reporter-output>
        </test-method> <!-- runScenario -->
        <test-method signature="runScenario(io.cucumber.testng.PickleWrapper,io.cucumber.testng.FeatureWrapper)[pri:0, instance:awesomecucumber.runners.MyRunnerTest@63a65a25]" started-at="2023-03-14T12:39:51 COT" name="runScenario" description="Runs Cucumber Scenarios" data-provider="scenarios" finished-at="2023-03-14T12:39:55 COT" duration-ms="3558" status="PASS">
          <params>
            <param index="0">
              <value>
                <![CDATA["Successfully Login into the WebApp"]]>
              </value>
            </param>
            <param index="1">
              <value>
                <![CDATA["Login"]]>
              </value>
            </param>
          </params>
          <reporter-output>
          </reporter-output>
        </test-method> <!-- runScenario -->
        <test-method signature="runScenario(io.cucumber.testng.PickleWrapper,io.cucumber.testng.FeatureWrapper)[pri:0, instance:awesomecucumber.runners.MyRunnerTest@63a65a25]" started-at="2023-03-14T12:39:55 COT" name="runScenario" description="Runs Cucumber Scenarios" data-provider="scenarios" finished-at="2023-03-14T12:40:00 COT" duration-ms="4800" status="PASS">
          <params>
            <param index="0">
              <value>
                <![CDATA["Failed Login into the WebApp"]]>
              </value>
            </param>
            <param index="1">
              <value>
                <![CDATA["Login"]]>
              </value>
            </param>
          </params>
          <reporter-output>
          </reporter-output>
        </test-method> <!-- runScenario -->
        <test-method signature="runScenario(io.cucumber.testng.PickleWrapper,io.cucumber.testng.FeatureWrapper)[pri:0, instance:awesomecucumber.runners.MyRunnerTest@63a65a25]" started-at="2023-03-14T12:40:00 COT" name="runScenario" description="Runs Cucumber Scenarios" data-provider="scenarios" finished-at="2023-03-14T12:40:02 COT" duration-ms="1769" status="PASS">
          <params>
            <param index="0">
              <value>
                <![CDATA["Products that should not be listed in Products Section"]]>
              </value>
            </param>
            <param index="1">
              <value>
                <![CDATA["Add To Cart"]]>
              </value>
            </param>
          </params>
          <reporter-output>
          </reporter-output>
        </test-method> <!-- runScenario -->
        <test-method signature="runScenario(io.cucumber.testng.PickleWrapper,io.cucumber.testng.FeatureWrapper)[pri:0, instance:awesomecucumber.runners.MyRunnerTest@63a65a25]" started-at="2023-03-14T12:40:02 COT" name="runScenario" description="Runs Cucumber Scenarios" data-provider="scenarios" finished-at="2023-03-14T12:40:05 COT" duration-ms="3663" status="PASS">
          <params>
            <param index="0">
              <value>
                <![CDATA["Products that should not be listed in Products Section"]]>
              </value>
            </param>
            <param index="1">
              <value>
                <![CDATA["Add To Cart"]]>
              </value>
            </param>
          </params>
          <reporter-output>
          </reporter-output>
        </test-method> <!-- runScenario -->
        <test-method signature="runScenario(io.cucumber.testng.PickleWrapper,io.cucumber.testng.FeatureWrapper)[pri:0, instance:awesomecucumber.runners.MyRunnerTest@63a65a25]" started-at="2023-03-14T12:40:05 COT" name="runScenario" description="Runs Cucumber Scenarios" data-provider="scenarios" finished-at="2023-03-14T12:40:07 COT" duration-ms="1735" status="PASS">
          <params>
            <param index="0">
              <value>
                <![CDATA["Products that should not be listed in Products Section"]]>
              </value>
            </param>
            <param index="1">
              <value>
                <![CDATA["Add To Cart"]]>
              </value>
            </param>
          </params>
          <reporter-output>
          </reporter-output>
        </test-method> <!-- runScenario -->
        <test-method signature="runScenario(io.cucumber.testng.PickleWrapper,io.cucumber.testng.FeatureWrapper)[pri:0, instance:awesomecucumber.runners.MyRunnerTest@63a65a25]" started-at="2023-03-14T12:40:07 COT" name="runScenario" description="Runs Cucumber Scenarios" data-provider="scenarios" finished-at="2023-03-14T12:40:09 COT" duration-ms="1757" status="PASS">
          <params>
            <param index="0">
              <value>
                <![CDATA["Products that should be listed in Products Section"]]>
              </value>
            </param>
            <param index="1">
              <value>
                <![CDATA["Add To Cart"]]>
              </value>
            </param>
          </params>
          <reporter-output>
          </reporter-output>
        </test-method> <!-- runScenario -->
        <test-method signature="runScenario(io.cucumber.testng.PickleWrapper,io.cucumber.testng.FeatureWrapper)[pri:0, instance:awesomecucumber.runners.MyRunnerTest@63a65a25]" started-at="2023-03-14T12:40:09 COT" name="runScenario" description="Runs Cucumber Scenarios" data-provider="scenarios" finished-at="2023-03-14T12:40:11 COT" duration-ms="1734" status="PASS">
          <params>
            <param index="0">
              <value>
                <![CDATA["Products that should be listed in Products Section"]]>
              </value>
            </param>
            <param index="1">
              <value>
                <![CDATA["Add To Cart"]]>
              </value>
            </param>
          </params>
          <reporter-output>
          </reporter-output>
        </test-method> <!-- runScenario -->
        <test-method signature="runScenario(io.cucumber.testng.PickleWrapper,io.cucumber.testng.FeatureWrapper)[pri:0, instance:awesomecucumber.runners.MyRunnerTest@63a65a25]" started-at="2023-03-14T12:40:11 COT" name="runScenario" description="Runs Cucumber Scenarios" data-provider="scenarios" finished-at="2023-03-14T12:40:12 COT" duration-ms="1790" status="PASS">
          <params>
            <param index="0">
              <value>
                <![CDATA["Products that should be listed in Products Section"]]>
              </value>
            </param>
            <param index="1">
              <value>
                <![CDATA["Add To Cart"]]>
              </value>
            </param>
          </params>
          <reporter-output>
          </reporter-output>
        </test-method> <!-- runScenario -->
        <test-method is-config="true" signature="tearDownClass()[pri:0, instance:awesomecucumber.runners.MyRunnerTest@63a65a25]" started-at="2023-03-14T12:40:12 COT" name="tearDownClass" finished-at="2023-03-14T12:40:13 COT" duration-ms="363" status="PASS">
          <reporter-output>
          </reporter-output>
        </test-method> <!-- tearDownClass -->
      </class> <!-- awesomecucumber.runners.MyRunnerTest -->
    </test> <!-- Surefire test -->
  </suite> <!-- Surefire suite -->
</testng-results>
