<?xml version="1.0" encoding="UTF-8"?>
<testsuite xmlns:xsi="http://www.w3.org/2001/XMLSchema-instance" xsi:noNamespaceSchemaLocation="https://maven.apache.org/surefire/maven-surefire-plugin/xsd/surefire-test-report-3.0.xsd" version="3.0" name="TestSuite" time="29.372" tests="9" errors="0" skipped="0" failures="0">
  <properties>
[...]
</properties>
  <testcase name="runScenario[&quot;Successfully Get Request&quot;, &quot;API&quot;](1)" classname="awesomecucumber.runners.MyRunnerTest" time="7.303">
    <system-out><![CDATA[
Scenario: Successfully Get Request       &amp#27;[90m# src/test/resources/awesomecucumber/Api.feature:3&amp#27;[0m

    *** Firefox Browser ***

  &amp#27;[32mGiven &amp#27;[0m&amp#27;[32mI'm on the Login Page&amp#27;[0m            &amp#27;[90m# awesomecucumber.steps.LoginStepsDef.i_m_on_the_login_page()&amp#27;[0m
  &amp#27;[32mWhen &amp#27;[0m&amp#27;[32mset the UserName and Password&amp#27;[0m     &amp#27;[90m# awesomecucumber.steps.LoginStepsDef.set_the_username_and_password()&amp#27;[0m
HTTP/1.1 200 OK
Date: Tue, 14 Mar 2023 17:39:51 GMT
Content-Type: application/json; charset=utf-8
Content-Length: 446
Connection: keep-alive
ETag: W/"1be-fOVBV6ZMfRTob+wUklEt5wWgpj0"
set-cookie: sails.sid=s%3A9gFtnUWbSXVUPgzsErqlLkx5jKD-ENfE.lo%2BOvpocSGUivfEfycr0StcV9pmtJjkJVr4or%2Ftm2I0; Path=/; HttpOnly

{
    "args": {
        "foo1": "jq1",
        "foo2": "jq2",
        "foo3": "jq3"
    },
    "headers": {
        "x-forwarded-proto": "https",
        "x-forwarded-port": "443",
        "host": "postman-echo.com",
        "x-amzn-trace-id": "Root=1-6410b167-591bd2c87d2dc85a77446c12",
        "accept": "*/*",
        "user-agent": "Apache-HttpClient/4.5.13 (Java/17.0.6)",
        "accept-encoding": "gzip,deflate"
    },
    "url": "https://postman-echo.com/get?foo1=jq1&foo2=jq2&foo3=jq3"
}
------------------------------------------------------------------------
  &amp#27;[32mAnd &amp#27;[0m&amp#27;[32msend a Get request to the Endpoint&amp#27;[0m &amp#27;[90m# awesomecucumber.steps.ApiStepDef.sendAGetRequestToTheEndpoint()&amp#27;[0m
  &amp#27;[32mThen &amp#27;[0m&amp#27;[32mstatus code is &amp#27;[0m&amp#27;[32m&amp#27;[1m200&amp#27;[0m                &amp#27;[90m# awesomecucumber.steps.ApiStepDef.statusCodeIs(int)&amp#27;[0m
]]></system-out>
    <system-err><![CDATA[SLF4J: No SLF4J providers were found.
SLF4J: Defaulting to no-operation (NOP) logger implementation
SLF4J: See https://www.slf4j.org/codes.html#noProviders for further details.
1678815585231	geckodriver	INFO	Listening on 127.0.0.1:39392
1678815585437	mozrunner::runner	INFO	Running command: "/Applications/Firefox.app/Contents/MacOS/firefox-bin" "--marionette" "--remote-debugging-port" "30960" "--r ... /[::1]:30960/" "-foreground" "-no-remote" "-profile" "/var/folders/y4/lsybx5vs2gb13f0rb75y41qr0000gn/T/rust_mozprofile5QMoCw"
console.warn: services.settings: Ignoring preference override of remote settings server
console.warn: services.settings: Allow by setting MOZ_REMOTE_SETTINGS_DEVTOOLS=1 in the environment
1678815585960	Marionette	INFO	Marionette enabled
2023-03-14 12:39:46.102 plugin-container[24156:598761] nil host used in call to allowsSpecificHTTPSCertificateForHost
2023-03-14 12:39:46.102 plugin-container[24156:598761] nil host used in call to allowsAnyHTTPSCertificateForHost:
2023-03-14 12:39:46.107 plugin-container[24156:598761] nil host used in call to allowsSpecificHTTPSCertificateForHost
2023-03-14 12:39:46.107 plugin-container[24156:598761] nil host used in call to allowsAnyHTTPSCertificateForHost:
2023-03-14 12:39:46.107 plugin-container[24156:598763] nil host used in call to allowsSpecificHTTPSCertificateForHost
2023-03-14 12:39:46.107 plugin-container[24156:598763] nil host used in call to allowsAnyHTTPSCertificateForHost:
1678815586212	Marionette	INFO	Listening on port 49958
Read port: 49958
console.error: "Warning: unrecognized command line flag -remote-allow-hosts\n"
console.error: "Warning: unrecognized command line flag -remote-allow-origins\n"
WebDriver BiDi listening on ws://127.0.0.1:30960
1678815586361	RemoteAgent	WARN	TLS certificate errors will be ignored for this session
console.warn: SearchSettings: "get: No settings file exists, new profile?" (new NotFoundError("Could not open the file at /var/folders/y4/lsybx5vs2gb13f0rb75y41qr0000gn/T/rust_mozprofile5QMoCw/search.json.mozlz4", (void 0)))
DevTools listening on ws://127.0.0.1:30960/devtools/browser/0debb277-6d47-43ad-9488-39ee7a16b562
1678815591399	RemoteAgent	INFO	Perform WebSocket upgrade for incoming connection from 127.0.0.1:50014
1678815591401	CDP	ERROR	Invalid browser preferences for CDP. Set "fission.webContentIsolationStrategy"to 0 and "fission.bfcacheInParent" to false before Firefox starts.
1678815591424	Marionette	INFO	Stopped listening on port 49958
WARNING: A blocker encountered an error while we were waiting.
          Blocker:  Waiting for ping task
          Phase: TelemetryController: Waiting for pending ping activity
          State: (none)
WARNING: Error: Phase "profile-before-change" is finished, it is too late to register completion condition "OS.File: flush I/O queued before profileBeforeChange"
WARNING: addBlocker@resource://gre/modules/AsyncShutdown.sys.mjs:727:15
addBlocker@resource://gre/modules/AsyncShutdown.sys.mjs:523:26
addBlocker@resource://gre/modules/AsyncShutdown.sys.mjs:458:15
setupShutdown@resource://gre/modules/osfile/osfile_async_front.jsm:1548:28
@resource://gre/modules/osfile/osfile_async_front.jsm:1568:16
@resource://gre/modules/osfile.jsm:12:30
@resource://gre/modules/TelemetryStorage.sys.mjs:10:28
_checkPendingPings@resource://gre/modules/TelemetrySend.sys.mjs:863:17
setup@resource://gre/modules/TelemetrySend.sys.mjs:803:18
setup@resource://gre/modules/TelemetrySend.sys.mjs:241:30
setupTelemetry/this._delayedInitTask<@resource://gre/modules/TelemetryControllerParent.sys.mjs:829:36
observe@resource://gre/modules/AsyncShutdown.sys.mjs:576:16

WARNING: A blocker encountered an error while we were waiting.
          Blocker:  Waiting for ping task
          Phase: TelemetryController: Waiting for pending ping activity
          State: (none)
WARNING: Error: Phase "profile-before-change" is finished, it is too late to register completion condition "OS.File: flush I/O queued before profileBeforJeaCvhaaSncgrei"p
tW AeRrNrIoNr:G :r easdoduBrlcoec:k/er@/rgerseo/urmcodeu:l/es//gArsey/nmcSohduutdloewsn/.Assysy.nmjcsS, hlutdiownne.s y7s.2mj7s:: 72E7r:r1o5
ard:d BlPohckaesr@rees ou"rpcreo:/f/ilgree-/bmeofdourlese/-Achangseyn"c Sihsut dfinoiswhne.ds,y si.tm jiss: t5o2o3 :l2a6t
e atdo drBleogckiesr@treers ocuormcpel:e/t/igore/nm ocdounldesi/AtsiynocSnh u"tOdSo.wFni.lsey:s .fmjls:u4s5h 8I/:O1 5qu
euseetd ubpeSfhuotrdeo wpnr@orfeisloeuBrecfeo:r/e/Cghraen/gmeo"d
ulesJ/aovasSficlre/osifpitle _earsryonrc:_ frroents.ojurce://gsre/mm:o1d5u4l8e:s2/8A
@sreysnocuSrhceu:t/d/ogwrn.es/ymso.dmujlse,s l/oinsef i7l2e/7o:s Efirlreo_ra:s yPnhca_sfer o"nptr.ojfsiml:e15-6b8e:f1o6r
e@-rcehsaonugrec"e :i/s/ gfrieni/smhoeddu,l eist/ oissf itlooe .ljastme: 1t2o: 3r0
eg@irsetesro ucrocmep:l/e/tgreio/nm ocdounldeitions /"TOeSl.eFmielter:y Stfolruashg eI./syOs .qumjesu:e1d0 :b2e8f
or_ec pherckoPfeinldeiBnegPfionrgs@reesCohuarcneg:/e"/
gJrae/vmoadSulcersi/pTetl eemretrroySern:d .rsyess.omujrsc:8e6:3/:/1g7r
ese/tmuodpu@lreess/oAusrycnec:S/h/ugtrdeow/nm.osdyusl.emsj/sT,e llienmee tr72y7S:e nEd.rrsoyrs.m:j sP:h8a0s3e: 1"8pr
oseftiulpe@-rbeesfoourrec-ec:h/a/nggree"/m oidsu lfeisn/iTsheelde,m eitt riysS etnood l.atsey sto. mrejgsi:st2e4r 1c:o3mp0l
estieotn ucpoTndeilteioment "OrSy./Ftihlei:s .f_ludsehl Ia/yO eqduIenuedi tbTeafosrke <p@rroefsiolueBeforerCchea:n/g/eg"r
Jea/vmaoScdriptu leersr/oTre:l ermeseourcte:/r/gyrCeo/nmtordoullleesr/PAasryennctS.hsuytsd.omwjns.:s8y2s9.:m3j6s
,o blsienrev e7@2r7e:sourc e:E/rr/ogrr:e /Pmhaosdeu l"epsr/oAfsiylnec-Sbheuftodrowne.-scyhsa.ngmje"s :57i6:s1 6f
i
nWiARsNhINeGd:,  Ai tb liosck teor o laetnec outnot erreegdis taenr  ecrormpolr ewthiiolne  cwoen dwietrieo nw a"iOtSi.nFgi.l
e  :  flu s h   I/ O   qBuloeckuere: d W abietfiongr efo rp rpoifng itlasekB
 e f  o r e C   hPahansgee:" 
TJelaevmeatSrycCrontirpoltl eer:r rWoarit:i ngr efosrour cep:e/n/dignrg ep/imngo adcutilveist/yA
s  y n c  S h  u tSdtaotwen: .(snyos.nem)j
sW,A RlNiInNGe:  E7r2r7o:r : EPrhraosre :" pPrhofiales-eb e"fporroe-fcihlaneg-eb"e ifsor ef-cihnaisnghee"d ,i ist  fiisn itosoh leadt,e  itot  riesgi sttoeor  lcaotmep lteot iroeng icsotnedri ticoomnp l"eOSt.iFoin lceon:d iftilouns "h OSI./FiOl eq:u feluusehd I/ Ob eqfueourede  befoprer opfroilfeiBleefBeorfoerCehChaannggee"
"J
aWvaASRcNrIiNptG :e rarodrd:B rlesoocukrceer:@//rgerse/omuodruclees://As/ygncrSe/humtdoodwnu.lseyss/.Amsjysn,c Slhiunted o7w2n7.:s yEsr.rmojrs:: 7P27h:a1s5
e a"prodfidlBel-obcekfeorre@-rcehsaonugrec"e :i/s/ gfrie/mnodiulsehse/Adsy,n ciSth uis ttdooo wnl.astyes .tmoj sr:e5g2i3s:t26
aedrdB locckero@mrepslouertcei:o/n/ gcroen/dmiotdiuolne s"/OASs.yFniclSeh:u tfdlouwsn.h sIy/sO. mqjuse:u458e:d1 5b
esfeotruep SphruotfdiolwenB@erfeosroeuCrhcean:/g/eg"r
e/modules/osfile/osfile_async_front.jsm:1548:28
@resource://gre/modules/osfile/osfile_async_front.jsm:1568:16
@resource://gre/modules/osfile.jsm:12:30
@resource://gre/modules/TelemetryStorage.sys.mjs:10:28
_checkPendingPings@resource://gre/modules/TelemetrySend.sys.mjs:863:17
setup@resource://gre/modules/TelemetrySend.sys.mjs:803:18
setup@resource://gre/modules/TelemetrySend.sys.mjs:241:30
setupTelemetry/this._delayedInitTask<@resource://gre/modules/TelemetryControllerParent.sys.mjs:829:36
observe@resource://gre/modules/AsyncShutdown.sys.mjs:576:16

WARNING: A blocker encountered an error while we were waiting.
          Blocker:  TelemetryController: shutting down
          Phase: profile-before-change-telemetry
          State: Error getting state: Error: Phase "profile-before-change" is finished, it is too late to register completion condition "OS.File: flush I/O queued before profileBeforeChange" at addBlocker@resource://gre/modules/AsyncShutdown.sys.mjs:727:15
addBlocker@resource://gre/modules/AsyncShutdown.sys.mjs:523:26
addBlocker@resource://gre/modules/AsyncShutdown.sys.mjs:458:15
setupShutdown@resource://gre/modules/osfile/osfile_async_front.jsm:1548:28
@resource://gre/modules/osfile/osfile_async_front.jsm:1568:16
@resource://gre/modules/osfile.jsm:12:30
@resource://gre/modules/TelemetryStorage.sys.mjs:10:28
_checkPendingPings@resource://gre/modules/TelemetrySend.sys.mjs:863:17
setup@resource://gre/modules/TelemetrySend.sys.mjs:803:18
setup@resource://gre/modules/TelemetrySend.sys.mjs:241:30
setupTelemetry/this._delayedInitTask<@resource://gre/modules/TelemetryControllerParent.sys.mjs:829:36
observe@resource://gre/modules/AsyncShutdown.sys.mjs:576:16

WARNING: Error: Phase "profile-before-change" is finished, it is too late to register completion condition "OS.File: flush I/O queued before profileBeforeChange"
WARNING: addBlocker@resource://gre/modules/AsyncShutdown.sys.mjs:727:15
addBlocker@resource://gre/modules/AsyncShutdown.sys.mjs:523:26
addBlocker@resource://gre/modules/AsyncShutdown.sys.mjs:458:15
setupShutdown@resource://gre/modules/osfile/osfile_async_front.jsm:1548:28
@resource://gre/modules/osfile/osfile_async_front.jsm:1568:16
@resource://gre/modules/osfile.jsm:12:30
@resource://gre/modules/TelemetryStorage.sys.mjs:10:28
_checkPendingPings@resource://gre/modules/TelemetrySend.sys.mjs:863:17
setup@resource://gre/modules/TelemetrySend.sys.mjs:803:18
setup@resource://gre/modules/TelemetrySend.sys.mjs:241:30
setupTelemetry/this._delayedInitTask<@resource://gre/modules/TelemetryControllerParent.sys.mjs:829:36
observe@resource://gre/modules/AsyncShutdown.sys.mjs:576:16

]]></system-err>
  </testcase>
  <testcase name="runScenario[&quot;Successfully Login into the WebApp&quot;, &quot;Login&quot;](2)" classname="awesomecucumber.runners.MyRunnerTest" time="3.56">
    <system-out><![CDATA[
Scenario: Successfully Login into the WebApp &amp#27;[90m# src/test/resources/awesomecucumber/Login.feature:3&amp#27;[0m

    *** Edge Browser ***

  &amp#27;[32mGiven &amp#27;[0m&amp#27;[32mI'm on the Login Page&amp#27;[0m                &amp#27;[90m# awesomecucumber.steps.LoginStepsDef.i_m_on_the_login_page()&amp#27;[0m
  &amp#27;[32mWhen &amp#27;[0m&amp#27;[32mset the UserName and Password&amp#27;[0m         &amp#27;[90m# awesomecucumber.steps.LoginStepsDef.set_the_username_and_password()&amp#27;[0m
  &amp#27;[32mAnd &amp#27;[0m&amp#27;[32mclick LoginButton&amp#27;[0m                      &amp#27;[90m# awesomecucumber.steps.LoginStepsDef.clickLoginButton()&amp#27;[0m
  &amp#27;[32mThen &amp#27;[0m&amp#27;[32mthe user is on &amp#27;[0m&amp#27;[32m&amp#27;[1m"Products"&amp#27;[0m&amp#27;[32m Page&amp#27;[0m        &amp#27;[90m# awesomecucumber.steps.LoginStepsDef.theUserIsOnPage(java.lang.String)&amp#27;[0m
]]></system-out>
    <system-err><![CDATA[Starting Microsoft Edge WebDriver 111.0.1661.41 (57be51b50d1be232a9e8186a10017d9e06b1fd16) on port 6205
To submit feedback, report a bug, or suggest new features, please visit https://github.com/MicrosoftEdge/EdgeWebDriver

Only local connections are allowed.
Please see https://aka.ms/WebDriverSecurity for suggestions on keeping Microsoft Edge WebDriver safe.

Microsoft Edge WebDriver was started successfully.
Mar 14, 2023 12:39:53 PM org.openqa.selenium.devtools.CdpVersionFinder findNearestMatch
WARNING: Unable to find an exact match for CDP version 111, so returning the closest version found: 110
]]></system-err>
  </testcase>
  <testcase name="runScenario[&quot;Failed Login into the WebApp&quot;, &quot;Login&quot;](3)" classname="awesomecucumber.runners.MyRunnerTest" time="4.799">
    <system-out><![CDATA[
Scenario: Failed Login into the WebApp                                                                                 &amp#27;[90m# src/test/resources/awesomecucumber/Login.feature:9&amp#27;[0m

    *** Firefox Browser ***

  &amp#27;[32mGiven &amp#27;[0m&amp#27;[32mI'm on the Login Page&amp#27;[0m                                                                                          &amp#27;[90m# awesomecucumber.steps.LoginStepsDef.i_m_on_the_login_page()&amp#27;[0m
  &amp#27;[32mWhen &amp#27;[0m&amp#27;[32mset a wrong UserName and Password&amp#27;[0m                                                                               &amp#27;[90m# awesomecucumber.steps.LoginStepsDef.setAWrongUserNameAndPassword()&amp#27;[0m
  &amp#27;[32mAnd &amp#27;[0m&amp#27;[32mclick LoginButton&amp#27;[0m                                                                                                &amp#27;[90m# awesomecucumber.steps.LoginStepsDef.clickLoginButton()&amp#27;[0m
  &amp#27;[32mThen &amp#27;[0m&amp#27;[32mthe system throws the error &amp#27;[0m&amp#27;[32m&amp#27;[1m"Epic sadface: Username and password do not match any user in this service"&amp#27;[0m&amp#27;[32m message&amp#27;[0m &amp#27;[90m# awesomecucumber.steps.LoginStepsDef.theSystemThrowsTheErrorMessage(java.lang.String)&amp#27;[0m
]]></system-out>
    <system-err><![CDATA[1678815595588	geckodriver	INFO	Listening on 127.0.0.1:22087
1678815595638	mozrunner::runner	INFO	Running command: "/Applications/Firefox.app/Contents/MacOS/firefox-bin" "--marionette" "--remote-debugging-port" "42264" "--r ... /[::1]:42264/" "-foreground" "-no-remote" "-profile" "/var/folders/y4/lsybx5vs2gb13f0rb75y41qr0000gn/T/rust_mozprofileLbJ6Md"
console.warn: services.settings: Ignoring preference override of remote settings server
console.warn: services.settings: Allow by setting MOZ_REMOTE_SETTINGS_DEVTOOLS=1 in the environment
1678815596083	Marionette	INFO	Marionette enabled
1678815596149	Marionette	INFO	Listening on port 50063
console.error: "Warning: unrecognized command line flag -remote-allow-hosts\n"
console.error: "Warning: unrecognized command line flag -remote-allow-origins\n"
2023-03-14 12:39:56.183 plugin-container[24193:599657] nil host used in call to allowsSpecificHTTPSCertificateForHost
2023-03-14 12:39:56.184 plugin-container[24193:599657] nil host used in call to allowsAnyHTTPSCertificateForHost:
2023-03-14 12:39:56.187 plugin-container[24193:599657] nil host used in call to allowsSpecificHTTPSCertificateForHost
2023-03-14 12:39:56.187 plugin-container[24193:599657] nil host used in call to allowsAnyHTTPSCertificateForHost:
2023-03-14 12:39:56.187 plugin-container[24193:599664] nil host used in call to allowsSpecificHTTPSCertificateForHost
2023-03-14 12:39:56.187 plugin-container[24193:599664] nil host used in call to allowsAnyHTTPSCertificateForHost:
Read port: 50063
WebDriver BiDi listening on ws://127.0.0.1:42264
1678815596404	RemoteAgent	WARN	TLS certificate errors will be ignored for this session
console.warn: SearchSettings: "get: No settings file exists, new profile?" (new NotFoundError("Could not open the file at /var/folders/y4/lsybx5vs2gb13f0rb75y41qr0000gn/T/rust_mozprofileLbJ6Md/search.json.mozlz4", (void 0)))
DevTools listening on ws://127.0.0.1:42264/devtools/browser/6e6a03c2-9ef7-4c9d-9d38-4f31d5e4697d
console.warn: LoginRecipes: "Falling back to a synchronous message for: https://www.saucedemo.com."
1678815599774	RemoteAgent	INFO	Perform WebSocket upgrade for incoming connection from 127.0.0.1:50107
1678815599776	CDP	ERROR	Invalid browser preferences for CDP. Set "fission.webContentIsolationStrategy"to 0 and "fission.bfcacheInParent" to false before Firefox starts.
1678815599780	Marionette	INFO	Stopped listening on port 50063
WARNING: A blocker encountered an error while we were waiting.
          Blocker:  Waiting for ping task
          Phase: TelemetryController: Waiting for pending ping activity
          State: (none)
WARNING: Error: Phase "profile-before-change" is finished, it is too late to register completion condition "OS.File: flush I/O queued before profileBeforeChange"
WARNING: addBlocker@resource://gre/modules/AsyncShutdown.sys.mjs:727:15
addBlocker@resource://gre/modules/AsyncShutdown.sys.mjs:523:26
addBlocker@resource://gre/modules/AsyncShutdown.sys.mjs:458:15
setupShutdown@resource://gre/modules/osfile/osfile_async_front.jsm:1548:28
@resource://gre/modules/osfile/osfile_async_front.jsm:1568:16
@resource://gre/modules/osfile.jsm:12:30
@resource://gre/modules/TelemetryStorage.sys.mjs:10:28
_checkPendingPings@resource://gre/modules/TelemetrySend.sys.mjs:863:17
setup@resource://gre/modules/TelemetrySend.sys.mjs:803:18
setup@resource://gre/modules/TelemetrySend.sys.mjs:241:30
setupTelemetry/this._delayedInitTask<@resource://gre/modules/TelemetryControllerParent.sys.mjs:829:36
observe@resource://gre/modules/AsyncShutdown.sys.mjs:576:16

WARNING: A blocker encountered an error while we were waiting.
          Blocker:  Waiting for ping task
          Phase: TelemetryController: Waiting for pending ping activity
          State: (none)
WARNING: Error: Phase "profile-before-change" is finished, it is too late to register completion condition "OS.File: flush I/O queued before profileBeforeChange"
WARNING: addBlocker@resource://gre/modules/AsyncShutdown.sys.mjs:727:15
addBlocker@resource://gre/modules/AsyncShutdown.sys.mjs:523:26
addBlocker@resource://gre/modules/AsyncShutdown.sys.mjs:458:15
setupShutdown@resource://gre/modules/osfile/osfile_async_front.jsm:1548:28
@resource://gre/modules/osfile/osfile_async_front.jsm:1568:16
@resource://gre/modules/osfile.jsm:12:30
@resource://gre/modules/TelemetryStorage.sys.mjs:10:28
_checkPendingPings@resource://gre/modules/TelemetrySend.sys.mjs:863:17
setup@resource://gre/modules/TelemetrySend.sys.mjs:803:18
setup@resource://gre/modules/TelemetrySend.sys.mjs:241:30
setupTelemetry/this._delayedInitTask<@resource://gre/modules/TelemetryControllerParent.sys.mjs:829:36
observe@resource://gre/modules/AsyncShutdown.sys.mjs:576:16

WARNING: A blocker encountered an error while we were waiting.
          Blocker:  Waiting for ping task
          Phase: TelemetryController: Waiting for pending ping actJiavviatSyc
r   i p t   e   State: r(rnoorne:) 
reWAsRoNuIrNcGe::/ /Ergrreo/rm:o dPuhlaesse/ "AprsoyfniclSe-befohruet-dcohwanng.es"y si.s mfjisn,i lshed,i nite  7i2s7 t:o oE rlraotre:  tPhaos registeer  c"pomropfliele-betfoire-changoe"n  icso nfdiniitsihoed,n i t" OiSs .tFoiol el:a tfe ltuos hre gIi/stOe rq cueomupelde tiboen fcoornedi tpirono f"iOlS.eFBielfeo:r efClhuansgh eI"/
OWA RqNuIeuNeGd:  baedfdoBrleo cpkreorf@irleesBoeurcfeo:r/e/Cghraen/mgoed"u
lJeasv/aAsScynrciSphtu terdroowrn:. sryess.omujrsc:e7:2/7/:g1r5e
/amdoddBulloecsk/eArs@yrnceSshouurtcdeo:wn.sys.mjs, line 727: Error: P/ha/sger e"/pmroodfuillees-/bAesfyonrceS-chhauntgdeo"wn .issys .fimnjiss:h5e2d3,: 2i6t
 adids Btloocok elra@tree stoou rrceeg:i/s/tgerre /cmoomdpulleteiso/nA csoyndnictSihount d"OoSw.nF.isyles:. fmljuss:h4 5I/8:O1 5q
useeuteudp Sbheutfodorwen @prreosfouirlceeB:e/f/ogrreeC/hmaondguel"e
sJ/aosvfailSec/roispfti le_earsrynorc:_ frreosnotu.rjcsem::/1/5g4r8e:/2m8o
d@urleesso/uArscyen:c/S/hgurted/moowdnu.slyess/.omsjfsi,le /loisnfei l7e2_7a:s Eyrnrco_rf:r oPnht.ajssem ":p1r5o68f:i1l6e
-@breefsooruer-cceha:n/g/eg"re /ims ofduilneiss/hoesfdil, ei.tj sims: 1t2o:o3 0l
a@tree stoou rrceeg:i/s/tegrre /cmoomdpulleetsi/oTn ecloenmdeittriySont o"raOgSe..Fsiylse.:m jflsu:s1h0 :I2/8O
 q_cuheueecdk Pbeenfdoirneg Ppirnogfsi@rleesBeoufrorceeC:h/a/nggree"/
modules/TelemJeatvraScyrSiepntd .esryrso.mrj:s :r8e63so:u1r7c
es:e/t/ugrpe@/rmeosdouulrecse/:A/s/ygnrceS/hmuotdduolwens./Tseylse.mmjs,e tlrinye 7S27e: ndE.rsryosr.m:j sPh:a8s03e: 1"p8r
osfetiulpe-@breefsooruer-cceh:/a/nggre"e /imosd ufilneiss/hTeedl,e miett risy Setnodo. lsatye tos regi.ster commplejtions c:ondi2tion "OS.File: 4flush I/O queued be1fore: profileB3eforeCh0ang
e"
JsavaSecriptt eurropr: rTesoeurclee:m/e/tgrrye//tmhoidsu.l_edse/AlasyyendcISnhiuttTdaoswkn<.@sryess.omujs, lricnee: /7/2g7:r e/Emodurlerso/rT:e lPehmeaster y"Cporonftirleo-blelfeorrPaer-ecnht.asnygse."m jiss: 829:f3i6ni
sohebds,er vit ies t@roesoo luatrce et:o/ /grreeg/imsotderu lceso/mpAlsetynicShuotdonwn. scyosn.dmijtsi:o5n7 6"OS:.1F6i
l
eW:A RfNlIuNsGh:  IA/ Ob lqoucekuered  ebnecfoournet eprreodf ialne Beerrfoorr ewChhialneg ew"e
 JwaevreaS cwraiiptitn ge.r
r or :  r e s  o ur  cBel:o/c/kgerre/:m o dTuelelse/mAetsryyncCoSnhturtodlowlner.:s yssh.umtjtsi,n g lidnoew n7
2 7 :   E r r    Phase: profile-befoorre: -Pchhaasneg e-"tperolfeimelter-yb
e f o  re -  c h a nSgtea"t ei:s  Efrrinisohedr,  giettt iins tgoo  sltaattee: t oE rrreorg:i sPthera se c"opmrpolfiele-beftorei-conh acnoge" insdi tiofn "OiS.Fnilei: flusshh I/Oe quedued ,bef ore piroftileB efoireChansge" 
too late to register completion condition "OS.File: flush I/O queued before profileBeforeChange" at addBlocker@resource://gre/modules/AsyncShutdown.sys.mjs:727:15
addBlocker@resource://gre/modules/AsyncShutdown.sys.mjs:523:26
addBlocker@resource://gre/modules/AsyncShutdown.sys.mjs:458:15
setupShutdown@resource://gre/modules/osfile/osfile_async_front.jsm:1548:28
@resource://gre/modules/osfile/osfile_async_front.jsm:1568:16
@resource://gre/modules/osfile.jsm:12:30
@resource://gre/modules/TelemetryStorage.sys.mjs:10:28
_checkPendingPings@resource://gre/modules/TelemetrySend.sys.mjs:863:17
setup@resource://gre/modules/TelemetrySend.sys.mjs:803:18
setup@resource://gre/modules/TelemetrySend.sys.mjs:241:30
setupTelemetry/this._delayedInitTask<@resource://gre/modules/TelemetryControllerParent.sys.mjs:829:36
observe@resource://gre/modules/AsyncShutdown.sys.mjs:576:16

WARNING: Error: Phase "profile-before-change" is finished, it is too late to register completion condition "OS.File: flush I/O queued before profileBeforeChange"
WARNING: addBlocker@resource://gre/modules/AsyncShutdown.sys.mjs:727:15
addBlocker@resource://gre/modules/AsyncShutdown.sys.mjs:523:26
addBlocker@resource://gre/modules/AsyncShutdown.sys.mjs:458:15
setupShutdown@resource://gre/modules/osfile/osfile_async_front.jsm:1548:28
@resource://gre/modules/osfile/osfile_async_front.jsm:1568:16
@resource://gre/modules/osfile.jsm:12:30
@resource://gre/modules/TelemetryStorage.sys.mjs:10:28
_checkPendingPings@resource://gre/modules/TelemetrySend.sys.mjs:863:17
setup@resource://gre/modules/TelemetrySend.sys.mjs:803:18
setup@resource://gre/modules/TelemetrySend.sys.mjs:241:30
setupTelemetry/this._delayedInitTask<@resource://gre/modules/TelemetryControllerParent.sys.mjs:829:36
observe@resource://gre/modules/AsyncShutdown.sys.mjs:576:16

]]></system-err>
  </testcase>
  <testcase name="runScenario[&quot;Products that should not be listed in Products Section&quot;, &quot;Add To Cart&quot;](4)" classname="awesomecucumber.runners.MyRunnerTest" time="1.769">
    <system-out><![CDATA[
Scenario Outline: Products that should not be listed in Products Section &amp#27;[90m# src/test/resources/awesomecucumber/Products.feature:11&amp#27;[0m

    *** Edge Browser ***

  &amp#27;[32mGiven &amp#27;[0m&amp#27;[32ma user in the Home Page within "&amp#27;[0m&amp#27;[32m&amp#27;[1mProducts&amp#27;[0m&amp#27;[32m" section&amp#27;[0m                &amp#27;[90m# awesomecucumber.steps.ProductsStepsDef.a_user_in_the_home_page_within_something_section(java.lang.String)&amp#27;[0m
  &amp#27;[32mWhen &amp#27;[0m&amp#27;[32msearch for &amp#27;[0m&amp#27;[32m&amp#27;[1mPS5&amp#27;[0m                                                    &amp#27;[90m# awesomecucumber.steps.ProductsStepsDef.search_for(java.lang.String)&amp#27;[0m
  &amp#27;[32mThen &amp#27;[0m&amp#27;[32mthe product &amp#27;[0m&amp#27;[32m&amp#27;[1mPS5&amp#27;[0m&amp#27;[32m should not be listed on Product Section&amp#27;[0m           &amp#27;[90m# awesomecucumber.steps.ProductsStepsDef.the_product_should_not_be_listed_on_product_section(java.lang.String)&amp#27;[0m
]]></system-out>
    <system-err><![CDATA[Starting Microsoft Edge WebDriver 111.0.1661.41 (57be51b50d1be232a9e8186a10017d9e06b1fd16) on port 12122
To submit feedback, report a bug, or suggest new features, please visit https://github.com/MicrosoftEdge/EdgeWebDriver

Only local connections are allowed.
Please see https://aka.ms/WebDriverSecurity for suggestions on keeping Microsoft Edge WebDriver safe.

Microsoft Edge WebDriver was started successfully.
Mar 14, 2023 12:40:01 PM org.openqa.selenium.devtools.CdpVersionFinder findNearestMatch
WARNING: Unable to find an exact match for CDP version 111, so returning the closest version found: 110
]]></system-err>
  </testcase>
  <testcase name="runScenario[&quot;Products that should not be listed in Products Section&quot;, &quot;Add To Cart&quot;](5)" classname="awesomecucumber.runners.MyRunnerTest" time="3.665">
    <system-out><![CDATA[
Scenario Outline: Products that should not be listed in Products Section &amp#27;[90m# src/test/resources/awesomecucumber/Products.feature:12&amp#27;[0m

    *** Firefox Browser ***

  &amp#27;[32mGiven &amp#27;[0m&amp#27;[32ma user in the Home Page within "&amp#27;[0m&amp#27;[32m&amp#27;[1mProducts&amp#27;[0m&amp#27;[32m" section&amp#27;[0m                &amp#27;[90m# awesomecucumber.steps.ProductsStepsDef.a_user_in_the_home_page_within_something_section(java.lang.String)&amp#27;[0m
  &amp#27;[32mWhen &amp#27;[0m&amp#27;[32msearch for &amp#27;[0m&amp#27;[32m&amp#27;[1mPS4&amp#27;[0m                                                    &amp#27;[90m# awesomecucumber.steps.ProductsStepsDef.search_for(java.lang.String)&amp#27;[0m
  &amp#27;[32mThen &amp#27;[0m&amp#27;[32mthe product &amp#27;[0m&amp#27;[32m&amp#27;[1mPS4&amp#27;[0m&amp#27;[32m should not be listed on Product Section&amp#27;[0m           &amp#27;[90m# awesomecucumber.steps.ProductsStepsDef.the_product_should_not_be_listed_on_product_section(java.lang.String)&amp#27;[0m
]]></system-out>
    <system-err><![CDATA[1678815602145	geckodriver	INFO	Listening on 127.0.0.1:36780
1678815602202	mozrunner::runner	INFO	Running command: "/Applications/Firefox.app/Contents/MacOS/firefox-bin" "--marionette" "--remote-debugging-port" "42693" "--r ... /[::1]:42693/" "-foreground" "-no-remote" "-profile" "/var/folders/y4/lsybx5vs2gb13f0rb75y41qr0000gn/T/rust_mozprofilexjTttL"
console.warn: services.settings: Ignoring preference override of remote settings server
console.warn: services.settings: Allow by setting MOZ_REMOTE_SETTINGS_DEVTOOLS=1 in the environment
1678815602584	Marionette	INFO	Marionette enabled
2023-03-14 12:40:02.677 plugin-container[24217:600345] nil host used in call to allowsSpecificHTTPSCertificateForHost
2023-03-14 12:40:02.677 plugin-container[24217:600345] nil host used in call to allowsAnyHTTPSCertificateForHost:
2023-03-14 12:40:02.680 plugin-container[24217:600345] nil host used in call to allowsSpecificHTTPSCertificateForHost
2023-03-14 12:40:02.680 plugin-container[24217:600345] nil host used in call to allowsAnyHTTPSCertificateForHost:
2023-03-14 12:40:02.680 plugin-container[24217:600347] nil host used in call to allowsSpecificHTTPSCertificateForHost
2023-03-14 12:40:02.680 plugin-container[24217:600347] nil host used in call to allowsAnyHTTPSCertificateForHost:
1678815602778	Marionette	INFO	Listening on port 50133
console.error: "Warning: unrecognized command line flag -remote-allow-hosts\n"
console.error: "Warning: unrecognized command line flag -remote-allow-origins\n"
Read port: 50133
WebDriver BiDi listening on ws://127.0.0.1:42693
1678815602883	RemoteAgent	WARN	TLS certificate errors will be ignored for this session
console.warn: SearchSettings: "get: No settings file exists, new profile?" (new NotFoundError("Could not open the file at /var/folders/y4/lsybx5vs2gb13f0rb75y41qr0000gn/T/rust_mozprofilexjTttL/search.json.mozlz4", (void 0)))
DevTools listening on ws://127.0.0.1:42693/devtools/browser/25739df7-783e-4cef-8c7a-a8405479a73a
1678815605016	RemoteAgent	INFO	Perform WebSocket upgrade for incoming connection from 127.0.0.1:50156
1678815605019	CDP	ERROR	Invalid browser preferences for CDP. Set "fission.webContentIsolationStrategy"to 0 and "fission.bfcacheInParent" to false before Firefox starts.
1678815605021	Marionette	INFO	Stopped listening on port 50133
WARNING: A blocker encountered an error while we were waiting.
          Blocker:  Waiting for ping task
          Phase: TelemetryController: Waiting for pending ping activity
          State: (none)
WARNING: Error: Phase "profile-before-change" is finished, it is too late to register completion condition "OS.File: flush I/O queued before profileBeforeChange"
WARNING: addBlocker@resource://gre/modules/AsyncShutdown.sys.mjs:727:15
addBlocker@resource://gre/modules/AsyncShutdown.sys.mjs:523:26
addBlocker@resource://gre/modules/AsyncShutdown.sys.mjs:458:15
setupShutdown@resource://gre/modules/osfile/osfile_async_front.jsm:1548:28
@resource://gre/modules/osfile/osfile_async_front.jsm:1568:16
@resource://gre/modules/osfile.jsm:12:30
@resource://gre/modules/TelemetryStorage.sys.mjs:10:28
_checkPendingPings@resource://gre/modules/TelemetrySend.sys.mjs:863:17
setup@resource://gre/modules/TelemetrySend.sys.mjs:803:18
setup@resource://gre/modules/TelemetrySend.sys.mjs:241:30
setupTelemetry/this._delayedInitTask<@resource://gre/modules/TelemetryControllerParent.sys.mjs:829:36
observe@resource://gre/modules/AsyncShutdown.sys.mjs:576:16

WARNING: A blocker encountered an error while we were waiting.
          Blocker:  Waiting for ping task
          Phase: TelemetryController: Waiting for pending ping activity
          State: (none)
WARNING: Error: Phase "profile-before-change" is finished, it is too late to register completion condition "OS.File: flush I/O queued before profileBeforeChange"
WARNING: addBlocker@resource://gre/modules/AsyncShutdown.sys.mjs:727:15
addBlocker@resource://gre/modules/AsyncShutdown.sys.mjs:523:26
addBlocker@resource://gre/moduJlaevsa/SAcrsiypntc Sehrurtdown.osry:s .rmejsso:u4r5c8e::1/5/
gsreet/upmSohduutldeosw/nA@sryenscSohuurctdeo:w/n/.gsysr.mej/sm,o dluilnese/ o7s2f7i:l eE/rorsofri:l eP_haassyen c"_pfrroofnit.lej-sbme:f1o5r48e:-2c8h
a@nrgees"o urisc ef:/i/ngirse/hmeodd,u ilte si/so sftioloe /loastfiel et_oa sync_rfergoinstt.ejrs mc:o1m5p6l8e:t1i6on
 @croensdouirtcieo:n/ /"gOrSe/mod.ules/osfile.jsm:12:30
@resource://gre/modules/TelFemeitlrey:S tfolruasghe .Is/yOs .qmjsu:e1ue0d: 2b8e
f_ocrhee cpkrPoefnidilnegBPeinfgosr@erCehasnoguer"c
eJ:a/v/gaSrcer/impotd uelrerso/rT:e rleesmoeutrcre:y/S/egnrde./smyodsu.lmejs:s8/6As3y:n1cS7h
ustedtouwpn@.rseyssou.rmcjes:,/ /lignree/ m7o2d7u:l eEsr/rToerl:e Pmehatsrey S"pernodfi.lsey-sb.emfjosr:e8-0c3h:a1n8g
e"s eitsup @friensoiusrhceed:,/ /girte /imso dtuloeos/ Tlealtemee ttryoS enrde.gsiysst.emjrs :c2o4m1ple:t30i
osne tcuopnTdeitleimoent r"yO/S.tFhiilse.:_ dfelluasyhe dII/nOit Tquaske<u@ered sboeufore profileBrecef:/o/rgreeCh/amnogdeu"l
eJsa/vTaeSlcermieptt reyrrCoorn: trreoslolurecreP:a/r/genret/.msoydsu.lmejss/:A8s2y9n:c3S6
huotbdsoewrnv.es@yrs.esmojusr,c el:i/n/eg r7e27/:m oEdrurloers:/A PshyansceS hu"tpdroofwinl.es-ysb.emfjos:r5e7-6c:ha1n6g
e
"W AiRs NfIiNnGi: sAh ebdl, oickte ri se ntcooou nlteartee dt oa nr eegrirsotr ewrh icleo mwpe lweetrieon  wcaoindtiitnigon.
  " O S .    F i lBel:o cfkluers:h   IW/aOi tqiunge ufeodr  bepfionrge  ptrasokf
i l e B ef o r e C h aPnhgae"se
: JTaevlaemeStcrryiCpotn terrorollr:e r:resource://gre/modules/AsyncShutdown.sys.mj s, Wlianei t72i7n:g E rfroor:r Phase  p"epnrdoifng pingi laec-tbievfoirtey-c
h a n g e "   i s   fStiantishee:d ,( niotn e)i
sW ARtNoIoN Gl:a teE rtroo rr:e gPhisatsee r" cporomfplieltei-obne fcoorned-icthiaongn e""O Si.sF iflien:i sfhleuds,h  Ii/tO  iqsue uteodo  bleaftoe rteo  prreogfiislteeBre fcoormepClehatinogne "c
oJnadviatSicorni p"OtS e.rFriolre::  rfelsuousrhc Ie:/O/ /qgureeu/edm obdeufloerse/ AprsofyinlceSBheuftordeowChna.sngyse."
mWjAsR, NlIiNnGe: 7 2a7d:d BElrorckoerr@:r ePhsaosuer c"epr:of/il/eg-brefeo/rem-cohdanugle"e sis/ AfisyncShutdownins.hseyds,. mijts :i7s2 7t:o1o5 
laadtdeB ltooc kreerg@irsetseoru rccoem:p/l/egtrieo/nm coodnduilteiso/nA s"yOnSc.ShFiutlde:ow fnl.usyssh. Im/jOs :q5u2e3u:2e6d
 baedfdoBrleo pckreorfi@lreesBoeufrcoer:e/C/hgraen/gmeo"d
JualveaSsc/rAispytn cerSrhourt:d orewsonu.rscyes:.m/j/sg:r4e/m58o:d15u
lseest/uApsSyhnuctSdhouwtnd@owrne.ssyso.umrjcse, :l/i/gnree /7m2o7d:u lEersr/oors:f iPlhea/soes f"iplroef_iasleyn-cb_efrfoonrte.-jcshma:n1ge5"4 8i:s2 8
fi@nriesshoeudr,c ei:t// girse t/omoo dullaetse/ to register completion condition "oOS.sFfiille:e /folsufsihl eI_a/sOy nqueuce_df rboenfto.rje smp:1r5o6f8i:l1e6Be
f@orreesCohuarncgee":/
/gre/modules/osfile.jsm:12:30
@resource://gre/modules/TelemetryStorage.sys.mjs:10:28
_checkPendingPings@resource://gre/modules/TelemetrySend.sys.mjs:863:17
setup@resource://gre/modules/TelemetrySend.sys.mjs:803:18
setup@resource://gre/modules/TelemetrySend.sys.mjs:241:30
setupTelemetry/this._delayedInitTask<@resource://gre/modules/TelemetryControllerParent.sys.mjs:829:36
observe@resource://gre/modules/AsyncShutdown.sys.mjs:576:16

WARNING: A blocker encountered an error while we were waiting.
          Blocker:  TelemetryController: shutting down
          Phase: profile-before-change-telemetry
          State: Error getting state: Error: Phase "profile-before-change" is finished, it is too late to register completion condition "OS.File: flush I/O queued before profileBeforeChange" at addBlocker@resource://gre/modules/AsyncShutdown.sys.mjs:727:15
addBlocker@resource://gre/modules/AsyncShutdown.sys.mjs:523:26
addBlocker@resource://gre/modules/AsyncShutdown.sys.mjs:458:15
setupShutdown@resource://gre/modules/osfile/osfile_async_front.jsm:1548:28
@resource://gre/modules/osfile/osfile_async_front.jsm:1568:16
@resource://gre/modules/osfile.jsm:12:30
@resource://gre/modules/TelemetryStorage.sys.mjs:10:28
_checkPendingPings@resource://gre/modules/TelemetrySend.sys.mjs:863:17
setup@resource://gre/modules/TelemetrySend.sys.mjs:803:18
setup@resource://gre/modules/TelemetrySend.sys.mjs:241:30
setupTelemetry/this._delayedInitTask<@resource://gre/modules/TelemetryControllerParent.sys.mjs:829:36
observe@resource://gre/modules/AsyncShutdown.sys.mjs:576:16

WARNING: Error: Phase "profile-before-change" is finished, it is too late to register completion condition "OS.File: flush I/O queued before profileBeforeChange"
WARNING: addBlocker@resource://gre/modules/AsyncShutdown.sys.mjs:727:15
addBlocker@resource://gre/modules/AsyncShutdown.sys.mjs:523:26
addBlocker@resource://gre/modules/AsyncShutdown.sys.mjs:458:15
setupShutdown@resource://gre/modules/osfile/osfile_async_front.jsm:1548:28
@resource://gre/modules/osfile/osfile_async_front.jsm:1568:16
@resource://gre/modules/osfile.jsm:12:30
@resource://gre/modules/TelemetryStorage.sys.mjs:10:28
_checkPendingPings@resource://gre/modules/TelemetrySend.sys.mjs:863:17
setup@resource://gre/modules/TelemetrySend.sys.mjs:803:18
setup@resource://gre/modules/TelemetrySend.sys.mjs:241:30
setupTelemetry/this._delayedInitTask<@resource://gre/modules/TelemetryControllerParent.sys.mjs:829:36
observe@resource://gre/modules/AsyncShutdown.sys.mjs:576:16

]]></system-err>
  </testcase>
  <testcase name="runScenario[&quot;Products that should not be listed in Products Section&quot;, &quot;Add To Cart&quot;](6)" classname="awesomecucumber.runners.MyRunnerTest" time="1.735">
    <system-out><![CDATA[
Scenario Outline: Products that should not be listed in Products Section &amp#27;[90m# src/test/resources/awesomecucumber/Products.feature:13&amp#27;[0m

    *** Edge Browser ***

  &amp#27;[32mGiven &amp#27;[0m&amp#27;[32ma user in the Home Page within "&amp#27;[0m&amp#27;[32m&amp#27;[1mProducts&amp#27;[0m&amp#27;[32m" section&amp#27;[0m                &amp#27;[90m# awesomecucumber.steps.ProductsStepsDef.a_user_in_the_home_page_within_something_section(java.lang.String)&amp#27;[0m
  &amp#27;[32mWhen &amp#27;[0m&amp#27;[32msearch for &amp#27;[0m&amp#27;[32m&amp#27;[1mPS3&amp#27;[0m                                                    &amp#27;[90m# awesomecucumber.steps.ProductsStepsDef.search_for(java.lang.String)&amp#27;[0m
  &amp#27;[32mThen &amp#27;[0m&amp#27;[32mthe product &amp#27;[0m&amp#27;[32m&amp#27;[1mPS3&amp#27;[0m&amp#27;[32m should not be listed on Product Section&amp#27;[0m           &amp#27;[90m# awesomecucumber.steps.ProductsStepsDef.the_product_should_not_be_listed_on_product_section(java.lang.String)&amp#27;[0m
]]></system-out>
    <system-err><![CDATA[Starting Microsoft Edge WebDriver 111.0.1661.41 (57be51b50d1be232a9e8186a10017d9e06b1fd16) on port 13664
To submit feedback, report a bug, or suggest new features, please visit https://github.com/MicrosoftEdge/EdgeWebDriver

Only local connections are allowed.
Please see https://aka.ms/WebDriverSecurity for suggestions on keeping Microsoft Edge WebDriver safe.

Microsoft Edge WebDriver was started successfully.
Mar 14, 2023 12:40:06 PM org.openqa.selenium.devtools.CdpVersionFinder findNearestMatch
WARNING: Unable to find an exact match for CDP version 111, so returning the closest version found: 110
]]></system-err>
  </testcase>
  <testcase name="runScenario[&quot;Products that should be listed in Products Section&quot;, &quot;Add To Cart&quot;](7)" classname="awesomecucumber.runners.MyRunnerTest" time="1.756">
    <system-out><![CDATA[
Scenario Outline: Products that should be listed in Products Section       &amp#27;[90m# src/test/resources/awesomecucumber/Products.feature:23&amp#27;[0m

    *** Chrome Browser ***

  &amp#27;[32mGiven &amp#27;[0m&amp#27;[32ma user in the Home Page within "&amp#27;[0m&amp#27;[32m&amp#27;[1mProducts&amp#27;[0m&amp#27;[32m" section&amp#27;[0m                  &amp#27;[90m# awesomecucumber.steps.ProductsStepsDef.a_user_in_the_home_page_within_something_section(java.lang.String)&amp#27;[0m
  &amp#27;[32mWhen &amp#27;[0m&amp#27;[32msearch for &amp#27;[0m&amp#27;[32m&amp#27;[1mSauce Labs Backpack&amp#27;[0m                                      &amp#27;[90m# awesomecucumber.steps.ProductsStepsDef.search_for(java.lang.String)&amp#27;[0m
  &amp#27;[32mThen &amp#27;[0m&amp#27;[32mthe product &amp#27;[0m&amp#27;[32m&amp#27;[1mSauce Labs Backpack&amp#27;[0m&amp#27;[32m should be listed on Product Section&amp#27;[0m &amp#27;[90m# awesomecucumber.steps.ProductsStepsDef.the_product_should_be_listed_on_product_section(java.lang.String)&amp#27;[0m
]]></system-out>
    <system-err><![CDATA[Starting ChromeDriver 111.0.5563.64 (c710e93d5b63b7095afe8c2c17df34408078439d-refs/branch-heads/5563@{#995}) on port 17478
Only local connections are allowed.
Please see https://chromedriver.chromium.org/security-considerations for suggestions on keeping ChromeDriver safe.
ChromeDriver was started successfully.
Mar 14, 2023 12:40:08 PM org.openqa.selenium.devtools.CdpVersionFinder findNearestMatch
WARNING: Unable to find an exact match for CDP version 111, so returning the closest version found: 110
]]></system-err>
  </testcase>
  <testcase name="runScenario[&quot;Products that should be listed in Products Section&quot;, &quot;Add To Cart&quot;](8)" classname="awesomecucumber.runners.MyRunnerTest" time="1.736">
    <system-out><![CDATA[
Scenario Outline: Products that should be listed in Products Section            &amp#27;[90m# src/test/resources/awesomecucumber/Products.feature:24&amp#27;[0m

    *** Edge Browser ***

  &amp#27;[32mGiven &amp#27;[0m&amp#27;[32ma user in the Home Page within "&amp#27;[0m&amp#27;[32m&amp#27;[1mProducts&amp#27;[0m&amp#27;[32m" section&amp#27;[0m                       &amp#27;[90m# awesomecucumber.steps.ProductsStepsDef.a_user_in_the_home_page_within_something_section(java.lang.String)&amp#27;[0m
  &amp#27;[32mWhen &amp#27;[0m&amp#27;[32msearch for &amp#27;[0m&amp#27;[32m&amp#27;[1mSauce Labs Fleece Jacket&amp#27;[0m                                      &amp#27;[90m# awesomecucumber.steps.ProductsStepsDef.search_for(java.lang.String)&amp#27;[0m
  &amp#27;[32mThen &amp#27;[0m&amp#27;[32mthe product &amp#27;[0m&amp#27;[32m&amp#27;[1mSauce Labs Fleece Jacket&amp#27;[0m&amp#27;[32m should be listed on Product Section&amp#27;[0m &amp#27;[90m# awesomecucumber.steps.ProductsStepsDef.the_product_should_be_listed_on_product_section(java.lang.String)&amp#27;[0m
]]></system-out>
    <system-err><![CDATA[Starting Microsoft Edge WebDriver 111.0.1661.41 (57be51b50d1be232a9e8186a10017d9e06b1fd16) on port 24401
To submit feedback, report a bug, or suggest new features, please visit https://github.com/MicrosoftEdge/EdgeWebDriver

Only local connections are allowed.
Please see https://aka.ms/WebDriverSecurity for suggestions on keeping Microsoft Edge WebDriver safe.

Microsoft Edge WebDriver was started successfully.
Mar 14, 2023 12:40:10 PM org.openqa.selenium.devtools.CdpVersionFinder findNearestMatch
WARNING: Unable to find an exact match for CDP version 111, so returning the closest version found: 110
]]></system-err>
  </testcase>
  <testcase name="runScenario[&quot;Products that should be listed in Products Section&quot;, &quot;Add To Cart&quot;](9)" classname="awesomecucumber.runners.MyRunnerTest" time="1.791">
    <system-out><![CDATA[
Scenario Outline: Products that should be listed in Products Section     &amp#27;[90m# src/test/resources/awesomecucumber/Products.feature:25&amp#27;[0m

    *** Chrome Browser ***

  &amp#27;[32mGiven &amp#27;[0m&amp#27;[32ma user in the Home Page within "&amp#27;[0m&amp#27;[32m&amp#27;[1mProducts&amp#27;[0m&amp#27;[32m" section&amp#27;[0m                &amp#27;[90m# awesomecucumber.steps.ProductsStepsDef.a_user_in_the_home_page_within_something_section(java.lang.String)&amp#27;[0m
  &amp#27;[32mWhen &amp#27;[0m&amp#27;[32msearch for &amp#27;[0m&amp#27;[32m&amp#27;[1mSauce Labs Onesie&amp#27;[0m                                      &amp#27;[90m# awesomecucumber.steps.ProductsStepsDef.search_for(java.lang.String)&amp#27;[0m
  &amp#27;[32mThen &amp#27;[0m&amp#27;[32mthe product &amp#27;[0m&amp#27;[32m&amp#27;[1mSauce Labs Onesie&amp#27;[0m&amp#27;[32m should be listed on Product Section&amp#27;[0m &amp#27;[90m# awesomecucumber.steps.ProductsStepsDef.the_product_should_be_listed_on_product_section(java.lang.String)&amp#27;[0m
]]></system-out>
    <system-err><![CDATA[Starting ChromeDriver 111.0.5563.64 (c710e93d5b63b7095afe8c2c17df34408078439d-refs/branch-heads/5563@{#995}) on port 5965
Only local connections are allowed.
Please see https://chromedriver.chromium.org/security-considerations for suggestions on keeping ChromeDriver safe.
ChromeDriver was started successfully.
Mar 14, 2023 12:40:12 PM org.openqa.selenium.devtools.CdpVersionFinder findNearestMatch
WARNING: Unable to find an exact match for CDP version 111, so returning the closest version found: 110
]]></system-err>
  </testcase>
</testsuite>